*** Using Compiler 'V5.03 [Build 76]', folder: 'D:\keil c51\ARM\ARMCC\Bin'
Build target 'LED'
compiling dht11.c...
"no source": Error:  #5: cannot open source input file "..\HARDWARE\DHT11\dht11.c": No such file or directory
..\HARDWARE\DHT11\dht11.c: 0 warnings, 1 error
compiling main.c...
"no source": Error:  #5: cannot open source input file "main.c": No such file or directory
main.c: 0 warnings, 1 error
compiling core_cm3.c...
"no source": Error:  #5: cannot open source input file "..\CORE\core_cm3.c": No such file or directory
..\CORE\core_cm3.c: 0 warnings, 1 error
compiling usart.c...
"no source": Error:  #5: cannot open source input file "..\SYSTEM\usart\usart.c": No such file or directory
..\SYSTEM\usart\usart.c: 0 warnings, 1 error
assembling startup_stm32f10x_hd.s...
startup_stm32f10x_hd.s: error: A1023E: File "..\CORE\startup_stm32f10x_hd.s" could not be opened: No such file or directory
compiling stm32f10x_it.c...
"no source": Error:  #5: cannot open source input file "stm32f10x_it.c": No such file or directory
stm32f10x_it.c: 0 warnings, 1 error
compiling beep.c...
"no source": Error:  #5: cannot open source input file "..\HARDWARE\BEEP\beep.c": No such file or directory
..\HARDWARE\BEEP\beep.c: 0 warnings, 1 error
compiling OLED.c...
"no source": Error:  #5: cannot open source input file "..\HARDWARE\oled\OLED.c": No such file or directory
..\HARDWARE\oled\OLED.c: 0 warnings, 1 error
compiling led.c...
"no source": Error:  #5: cannot open source input file "..\HARDWARE\LED\led.c": No such file or directory
..\HARDWARE\LED\led.c: 0 warnings, 1 error
compiling system_stm32f10x.c...
"no source": Error:  #5: cannot open source input file "system_stm32f10x.c": No such file or directory
system_stm32f10x.c: 0 warnings, 1 error
compiling delay.c...
"no source": Error:  #5: cannot open source input file "..\SYSTEM\delay\delay.c": No such file or directory
..\SYSTEM\delay\delay.c: 0 warnings, 1 error
compiling sys.c...
"no source": Error:  #5: cannot open source input file "..\SYSTEM\sys\sys.c": No such file or directory
..\SYSTEM\sys\sys.c: 0 warnings, 1 error
compiling stm32f10x_gpio.c...
"no source": Error:  #5: cannot open source input file "..\STM32F10x_FWLib\src\stm32f10x_gpio.c": No such file or directory
..\STM32F10x_FWLib\src\stm32f10x_gpio.c: 0 warnings, 1 error
compiling stm32f10x_rcc.c...
"no source": Error:  #5: cannot open source input file "..\STM32F10x_FWLib\src\stm32f10x_rcc.c": No such file or directory
..\STM32F10x_FWLib\src\stm32f10x_rcc.c: 0 warnings, 1 error
compiling stm32f10x_usart.c...
"no source": Error:  #5: cannot open source input file "..\STM32F10x_FWLib\src\stm32f10x_usart.c": No such file or directory
..\STM32F10x_FWLib\src\stm32f10x_usart.c: 0 warnings, 1 error
compiling misc.c...
"no source": Error:  #5: cannot open source input file "..\STM32F10x_FWLib\src\misc.c": No such file or directory
..\STM32F10x_FWLib\src\misc.c: 0 warnings, 1 error
"..\OBJ\LED.axf" - 1 Error(s), 0 Warning(s).
Target not created.
Build Time Elapsed:  00:00:01
